Info    2023-06-21 22:43:52:0186  DevID:MV-CS032-10GM(DA0299812)  Source-Line:MvCameraControl.dll(CInterfaceManager.cpp-L1495)  ProcessName:python.exe(18368)     Description:[GEV Info]DeviceIP[169.254.175.254], NetIP[169.254.175.151], ManufacturerInfo[Hikrobot], DeviceVersion[V4.0.18 221230 950224], UserID[]     Solution:
Info    2023-06-21 22:43:52:0186  DevID:MV-CS032-10GM(DA0299812)  Source-Line:MvCameraControl.dll(CInterfaceManager.cpp-L1623)  ProcessName:python.exe(18368)     Description:CameraControl Dll, Path[C:\Program Files (x86)\Common Files\MVS\Runtime\Win64_x64\MvCameraControl.dll]     Solution:
Info    2023-06-21 22:43:52:0186  DevID:MV-CS032-10GM(DA0299812)  Source-Line:MvCameraControl.dll(CInterfaceManager.cpp-L1626)  ProcessName:python.exe(18368)     Description:[MV_CC_CreateHandle]IsWriteLog[1], Ret[0x0]     Solution:
Info    2023-06-21 22:43:52:0186  DevID:MV-CS032-10GM(DA0299812)  Source-Line:MvCameraControl.dll(CInterfaceManager.cpp-L9719)  ProcessName:python.exe(18368)     Description:CamCtrl[0x4000005], GigE SDKVersion[0x4000004], DriverVersion[0x4000005]     Solution:
Info    2023-06-21 22:43:52:0433  DevID:MV-CS032-10GM(DA0299812)  Source-Line:MvCameraControl.dll(CInterfaceManager.cpp-L4791)  ProcessName:python.exe(18368)     Description:[GetGenICamXML]Get XML success!     Solution:
Info    2023-06-21 22:43:52:0530  DevID:MV-CS032-10GM(DA0299812)  Source-Line:MvCameraControl.dll(CInterfaceManager.cpp-L10071)  ProcessName:python.exe(18368)     Description:Get local parameters config file success! path[C:\Program Files (x86)\Common Files\MVS\Runtime\Win64_x64\CommonParameters.ini]     Solution:
Info    2023-06-21 22:43:52:0530  DevID:MV-CS032-10GM(DA0299812)  Source-Line:MvCameraControl.dll(CInterfaceManager.cpp-L7511)  ProcessName:python.exe(18368)     Description:[MV_CC_SetImageNodeNum]Set ImageNode Num success! NodeNum[1]     Solution:
Info    2023-06-21 22:43:52:0530  DevID:MV-CS032-10GM(DA0299812)  Source-Line:MvCameraControl.dll(CInterfaceManager.cpp-L8202)  ProcessName:python.exe(18368)     Description:[MV_GIGE_SetGvcpTimeout] Millisec[500], Ret[0x0]     Solution:
Info    2023-06-21 22:43:52:0531  DevID:MV-CS032-10GM(DA0299812)  Source-Line:MvCameraControl.dll(CInterfaceManager.cpp-L13819)  ProcessName:python.exe(18368)     Description:[MV_CC_SetBayerCvtQuality]Set Bayer CvtQuality success! BayerCvtQuality[2]     Solution:
Info    2023-06-21 22:43:52:0533  DevID:MV-CS032-10GM(DA0299812)  Source-Line:MvCameraControl.dll(CInterfaceManager.cpp-L6776)  ProcessName:python.exe(18368)     Description:[MV_CC_InvalidateNodes]Invalidate Nodes success     Solution:
Info    2023-06-21 22:43:52:0534  DevID:MV-CS032-10GM(DA0299812)  Source-Line:MvCameraControl.dll(CInterfaceManager.cpp-L2817)  ProcessName:python.exe(18368)     Description:[MV_CC_OpenDevice]Open device success! PrivilegeMode[1], SwitchoverKey[0], DeviceUptime[4374]     Solution:
Info    2023-06-21 22:43:52:0534  DevID:MV-CS032-10GM(DA0299812)  Source-Line:MvCameraControl.dll(CInterfaceManager.cpp-L2825)  ProcessName:python.exe(18368)     Description:OpenDevice, cost time 347.621900ms      Solution:
Info    2023-06-21 22:43:52:0551  DevID:MV-CS032-10GM(DA0299812)  Source-Line:MvCameraControl.dll(CInterfaceManager.cpp-L7033)  ProcessName:python.exe(18368)     Description:[MV_CC_GetOptimalPacketSize]Get Optimal Packet Size success! OptimalPacketSize[8164]     Solution:
Info    2023-06-21 22:43:52:0582  DevID:MV-CS032-10GM(DA0299812)  Source-Line:MvCameraControl.dll(CInterfaceManager.cpp-L3565)  ProcessName:python.exe(18368)     Description:[GEV]Width[2048], Height[1536], PixelFormat[0x1080001], PayloadSize[3145728], ChunkCount[0], CompressMode[0], DeviceUptime[4374]     Solution:
Info    2023-06-21 22:43:52:0623  DevID:MV-CS032-10GM(DA0299812)  Source-Line:MvCameraControl.dll(CInterfaceManager.cpp-L3763)  ProcessName:python.exe(18368)     Description:Start grabbing success, There is no registration callback.     Solution:
Info    2023-06-21 22:43:52:0921  DevID:MV-CS032-10GM(DA0299812)  Source-Line:MvCameraControl.dll(CInterfaceManager.cpp-L3887)  ProcessName:python.exe(18368)     Description:[StopGrabbing]Stop grabbing success! DeviceUptime[4374]     Solution:
Info    2023-06-21 22:43:52:0921  DevID:MV-CS032-10GM(DA0299812)  Source-Line:MvCameraControl.dll(CInterfaceManager.cpp-L2838)  ProcessName:python.exe(18368)     Description:[CloseDevice]Close device begin!     Solution:
Info    2023-06-21 22:43:52:0922  DevID:MV-CS032-10GM(DA0299812)  Source-Line:MvCameraControl.dll(CInterfaceManager.cpp-L2873)  ProcessName:python.exe(18368)     Description:[CloseDevice]DeviceUptime[4374]     Solution:
Info    2023-06-21 22:43:52:0995  DevID:MV-CS032-10GM(DA0299812)  Source-Line:MvCameraControl.dll(CInterfaceManager.cpp-L2935)  ProcessName:python.exe(18368)     Description:[CloseDevice]Close device success!     Solution:
Info    2023-06-21 22:43:52:0995  DevID:MV-CS032-10GM(DA0299812)  Source-Line:MvCameraControl.dll(CInterfaceManager.cpp-L2281)  ProcessName:python.exe(18368)     Description:[MV_CC_DestroyHandle]DeInit success     Solution:
