Info    2023-06-21 23:00:49:0872  DevID:MV-CS032-10GM(DA0299812)  Source-Line:MvCameraControl.dll(CInterfaceManager.cpp-L1495)  ProcessName:python.exe(15940)     Description:[GEV Info]DeviceIP[169.254.175.254], NetIP[169.254.175.151], ManufacturerInfo[Hikrobot], DeviceVersion[V4.0.18 221230 950224], UserID[]     Solution:
Info    2023-06-21 23:00:49:0872  DevID:MV-CS032-10GM(DA0299812)  Source-Line:MvCameraControl.dll(CInterfaceManager.cpp-L1623)  ProcessName:python.exe(15940)     Description:CameraControl Dll, Path[C:\Program Files (x86)\Common Files\MVS\Runtime\Win64_x64\MvCameraControl.dll]     Solution:
Info    2023-06-21 23:00:49:0872  DevID:MV-CS032-10GM(DA0299812)  Source-Line:MvCameraControl.dll(CInterfaceManager.cpp-L1626)  ProcessName:python.exe(15940)     Description:[MV_CC_CreateHandle]IsWriteLog[1], Ret[0x0]     Solution:
Info    2023-06-21 23:00:49:0872  DevID:MV-CS032-10GM(DA0299812)  Source-Line:MvCameraControl.dll(CInterfaceManager.cpp-L9719)  ProcessName:python.exe(15940)     Description:CamCtrl[0x4000005], GigE SDKVersion[0x4000004], DriverVersion[0x4000005]     Solution:
Info    2023-06-21 23:00:50:0112  DevID:MV-CS032-10GM(DA0299812)  Source-Line:MvCameraControl.dll(CInterfaceManager.cpp-L4791)  ProcessName:python.exe(15940)     Description:[GetGenICamXML]Get XML success!     Solution:
Info    2023-06-21 23:00:50:0213  DevID:MV-CS032-10GM(DA0299812)  Source-Line:MvCameraControl.dll(CInterfaceManager.cpp-L10071)  ProcessName:python.exe(15940)     Description:Get local parameters config file success! path[C:\Program Files (x86)\Common Files\MVS\Runtime\Win64_x64\CommonParameters.ini]     Solution:
Info    2023-06-21 23:00:50:0213  DevID:MV-CS032-10GM(DA0299812)  Source-Line:MvCameraControl.dll(CInterfaceManager.cpp-L7511)  ProcessName:python.exe(15940)     Description:[MV_CC_SetImageNodeNum]Set ImageNode Num success! NodeNum[1]     Solution:
Info    2023-06-21 23:00:50:0213  DevID:MV-CS032-10GM(DA0299812)  Source-Line:MvCameraControl.dll(CInterfaceManager.cpp-L8202)  ProcessName:python.exe(15940)     Description:[MV_GIGE_SetGvcpTimeout] Millisec[500], Ret[0x0]     Solution:
Info    2023-06-21 23:00:50:0213  DevID:MV-CS032-10GM(DA0299812)  Source-Line:MvCameraControl.dll(CInterfaceManager.cpp-L13819)  ProcessName:python.exe(15940)     Description:[MV_CC_SetBayerCvtQuality]Set Bayer CvtQuality success! BayerCvtQuality[2]     Solution:
Info    2023-06-21 23:00:50:0215  DevID:MV-CS032-10GM(DA0299812)  Source-Line:MvCameraControl.dll(CInterfaceManager.cpp-L6776)  ProcessName:python.exe(15940)     Description:[MV_CC_InvalidateNodes]Invalidate Nodes success     Solution:
Info    2023-06-21 23:00:50:0217  DevID:MV-CS032-10GM(DA0299812)  Source-Line:MvCameraControl.dll(CInterfaceManager.cpp-L2817)  ProcessName:python.exe(15940)     Description:[MV_CC_OpenDevice]Open device success! PrivilegeMode[1], SwitchoverKey[0], DeviceUptime[5391]     Solution:
Info    2023-06-21 23:00:50:0217  DevID:MV-CS032-10GM(DA0299812)  Source-Line:MvCameraControl.dll(CInterfaceManager.cpp-L2825)  ProcessName:python.exe(15940)     Description:OpenDevice, cost time 344.558400ms      Solution:
Info    2023-06-21 23:00:50:0232  DevID:MV-CS032-10GM(DA0299812)  Source-Line:MvCameraControl.dll(CInterfaceManager.cpp-L7033)  ProcessName:python.exe(15940)     Description:[MV_CC_GetOptimalPacketSize]Get Optimal Packet Size success! OptimalPacketSize[8164]     Solution:
Info    2023-06-21 23:00:50:0383  DevID:MV-CS032-10GM(DA0299812)  Source-Line:MvCameraControl.dll(CInterfaceManager.cpp-L13684)  ProcessName:python.exe(15940)     Description:[MV_CC_StartRecord]Start Record success!     Solution:
Info    2023-06-21 23:00:50:0392  DevID:MV-CS032-10GM(DA0299812)  Source-Line:MvCameraControl.dll(CInterfaceManager.cpp-L3565)  ProcessName:python.exe(15940)     Description:[GEV]Width[2048], Height[1536], PixelFormat[0x1080001], PayloadSize[3145728], ChunkCount[0], CompressMode[0], DeviceUptime[5391]     Solution:
Info    2023-06-21 23:00:50:0432  DevID:MV-CS032-10GM(DA0299812)  Source-Line:MvCameraControl.dll(CInterfaceManager.cpp-L3763)  ProcessName:python.exe(15940)     Description:Start grabbing success, There is no registration callback.     Solution:
Info    2023-06-21 23:20:43:0217  DevID:MV-CS032-10GM(DA0299812)  Source-Line:MvCameraControl.dll(CInterfaceManager.cpp-L1495)  ProcessName:python.exe(5416)     Description:[GEV Info]DeviceIP[169.254.175.254], NetIP[169.254.175.151], ManufacturerInfo[Hikrobot], DeviceVersion[V4.0.18 221230 950224], UserID[]     Solution:
Info    2023-06-21 23:20:43:0217  DevID:MV-CS032-10GM(DA0299812)  Source-Line:MvCameraControl.dll(CInterfaceManager.cpp-L1623)  ProcessName:python.exe(5416)     Description:CameraControl Dll, Path[C:\Program Files (x86)\Common Files\MVS\Runtime\Win64_x64\MvCameraControl.dll]     Solution:
Info    2023-06-21 23:20:43:0217  DevID:MV-CS032-10GM(DA0299812)  Source-Line:MvCameraControl.dll(CInterfaceManager.cpp-L1626)  ProcessName:python.exe(5416)     Description:[MV_CC_CreateHandle]IsWriteLog[1], Ret[0x0]     Solution:
Info    2023-06-21 23:20:43:0217  DevID:MV-CS032-10GM(DA0299812)  Source-Line:MvCameraControl.dll(CInterfaceManager.cpp-L9719)  ProcessName:python.exe(5416)     Description:CamCtrl[0x4000005], GigE SDKVersion[0x4000004], DriverVersion[0x4000005]     Solution:
Info    2023-06-21 23:20:43:0458  DevID:MV-CS032-10GM(DA0299812)  Source-Line:MvCameraControl.dll(CInterfaceManager.cpp-L4791)  ProcessName:python.exe(5416)     Description:[GetGenICamXML]Get XML success!     Solution:
Info    2023-06-21 23:20:43:0559  DevID:MV-CS032-10GM(DA0299812)  Source-Line:MvCameraControl.dll(CInterfaceManager.cpp-L10071)  ProcessName:python.exe(5416)     Description:Get local parameters config file success! path[C:\Program Files (x86)\Common Files\MVS\Runtime\Win64_x64\CommonParameters.ini]     Solution:
Info    2023-06-21 23:20:43:0564  DevID:MV-CS032-10GM(DA0299812)  Source-Line:MvCameraControl.dll(CInterfaceManager.cpp-L7511)  ProcessName:python.exe(5416)     Description:[MV_CC_SetImageNodeNum]Set ImageNode Num success! NodeNum[1]     Solution:
Info    2023-06-21 23:20:43:0564  DevID:MV-CS032-10GM(DA0299812)  Source-Line:MvCameraControl.dll(CInterfaceManager.cpp-L8202)  ProcessName:python.exe(5416)     Description:[MV_GIGE_SetGvcpTimeout] Millisec[500], Ret[0x0]     Solution:
Info    2023-06-21 23:20:43:0564  DevID:MV-CS032-10GM(DA0299812)  Source-Line:MvCameraControl.dll(CInterfaceManager.cpp-L13819)  ProcessName:python.exe(5416)     Description:[MV_CC_SetBayerCvtQuality]Set Bayer CvtQuality success! BayerCvtQuality[2]     Solution:
Info    2023-06-21 23:20:43:0566  DevID:MV-CS032-10GM(DA0299812)  Source-Line:MvCameraControl.dll(CInterfaceManager.cpp-L6776)  ProcessName:python.exe(5416)     Description:[MV_CC_InvalidateNodes]Invalidate Nodes success     Solution:
Info    2023-06-21 23:20:43:0568  DevID:MV-CS032-10GM(DA0299812)  Source-Line:MvCameraControl.dll(CInterfaceManager.cpp-L2817)  ProcessName:python.exe(5416)     Description:[MV_CC_OpenDevice]Open device success! PrivilegeMode[1], SwitchoverKey[0], DeviceUptime[6585]     Solution:
Info    2023-06-21 23:20:43:0568  DevID:MV-CS032-10GM(DA0299812)  Source-Line:MvCameraControl.dll(CInterfaceManager.cpp-L2825)  ProcessName:python.exe(5416)     Description:OpenDevice, cost time 350.480700ms      Solution:
Info    2023-06-21 23:20:43:0585  DevID:MV-CS032-10GM(DA0299812)  Source-Line:MvCameraControl.dll(CInterfaceManager.cpp-L7033)  ProcessName:python.exe(5416)     Description:[MV_CC_GetOptimalPacketSize]Get Optimal Packet Size success! OptimalPacketSize[8164]     Solution:
Info    2023-06-21 23:20:43:0762  DevID:MV-CS032-10GM(DA0299812)  Source-Line:MvCameraControl.dll(CInterfaceManager.cpp-L13684)  ProcessName:python.exe(5416)     Description:[MV_CC_StartRecord]Start Record success!     Solution:
Info    2023-06-21 23:20:43:0771  DevID:MV-CS032-10GM(DA0299812)  Source-Line:MvCameraControl.dll(CInterfaceManager.cpp-L3565)  ProcessName:python.exe(5416)     Description:[GEV]Width[2048], Height[1536], PixelFormat[0x1080001], PayloadSize[3145728], ChunkCount[0], CompressMode[0], DeviceUptime[6585]     Solution:
Info    2023-06-21 23:20:43:0828  DevID:MV-CS032-10GM(DA0299812)  Source-Line:MvCameraControl.dll(CInterfaceManager.cpp-L3763)  ProcessName:python.exe(5416)     Description:Start grabbing success, There is no registration callback.     Solution:
Info    2023-06-22 09:18:38:0180  DevID:MV-CS032-10GM(DA0299812)  Source-Line:MvCameraControl.dll(CInterfaceManager.cpp-L1495)  ProcessName:python.exe(2028)     Description:[GEV Info]DeviceIP[169.254.175.254], NetIP[10.12.45.233], ManufacturerInfo[Hikrobot], DeviceVersion[V4.0.18 221230 950224], UserID[]     Solution:
Info    2023-06-22 09:18:38:0180  DevID:MV-CS032-10GM(DA0299812)  Source-Line:MvCameraControl.dll(CInterfaceManager.cpp-L1623)  ProcessName:python.exe(2028)     Description:CameraControl Dll, Path[C:\Program Files (x86)\Common Files\MVS\Runtime\Win64_x64\MvCameraControl.dll]     Solution:
Info    2023-06-22 09:18:38:0180  DevID:MV-CS032-10GM(DA0299812)  Source-Line:MvCameraControl.dll(CInterfaceManager.cpp-L1626)  ProcessName:python.exe(2028)     Description:[MV_CC_CreateHandle]IsWriteLog[1], Ret[0x0]     Solution:
Info    2023-06-22 09:18:38:0180  DevID:MV-CS032-10GM(DA0299812)  Source-Line:MvCameraControl.dll(CInterfaceManager.cpp-L9719)  ProcessName:python.exe(2028)     Description:CamCtrl[0x4000005], GigE SDKVersion[0x4000004], DriverVersion[0x4000005]     Solution:
Warning 2023-06-22 09:18:38:0182  DevID:MV-CS032-10GM(DA0299812)  Source-Line:MvCameraControl.dll(CInterfaceManager.cpp-L2805)  ProcessName:python.exe(2028)     Description:[MV_CC_OpenDevice]Open device failed! PrivilegeMode[1], SwitchoverKey[0], Ret[0x80000206]     Solution:
Info    2023-06-22 09:18:38:0182  DevID:MV-CS032-10GM(DA0299812)  Source-Line:MvCameraControl.dll(CInterfaceManager.cpp-L2825)  ProcessName:python.exe(2028)     Description:OpenDevice, cost time 2.724300ms      Solution:
Info    2023-06-22 09:19:02:0424  DevID:MV-CS032-10GM(DA0299812)  Source-Line:MvCameraControl.dll(CInterfaceManager.cpp-L1495)  ProcessName:python.exe(13756)     Description:[GEV Info]DeviceIP[169.254.175.254], NetIP[169.254.175.151], ManufacturerInfo[Hikrobot], DeviceVersion[V4.0.18 221230 950224], UserID[]     Solution:
Info    2023-06-22 09:19:02:0424  DevID:MV-CS032-10GM(DA0299812)  Source-Line:MvCameraControl.dll(CInterfaceManager.cpp-L1623)  ProcessName:python.exe(13756)     Description:CameraControl Dll, Path[C:\Program Files (x86)\Common Files\MVS\Runtime\Win64_x64\MvCameraControl.dll]     Solution:
Info    2023-06-22 09:19:02:0424  DevID:MV-CS032-10GM(DA0299812)  Source-Line:MvCameraControl.dll(CInterfaceManager.cpp-L1626)  ProcessName:python.exe(13756)     Description:[MV_CC_CreateHandle]IsWriteLog[1], Ret[0x0]     Solution:
Info    2023-06-22 09:19:02:0424  DevID:MV-CS032-10GM(DA0299812)  Source-Line:MvCameraControl.dll(CInterfaceManager.cpp-L9719)  ProcessName:python.exe(13756)     Description:CamCtrl[0x4000005], GigE SDKVersion[0x4000004], DriverVersion[0x4000005]     Solution:
Info    2023-06-22 09:19:02:0684  DevID:MV-CS032-10GM(DA0299812)  Source-Line:MvCameraControl.dll(CInterfaceManager.cpp-L4791)  ProcessName:python.exe(13756)     Description:[GetGenICamXML]Get XML success!     Solution:
Info    2023-06-22 09:19:02:0779  DevID:MV-CS032-10GM(DA0299812)  Source-Line:MvCameraControl.dll(CInterfaceManager.cpp-L10071)  ProcessName:python.exe(13756)     Description:Get local parameters config file success! path[C:\Program Files (x86)\Common Files\MVS\Runtime\Win64_x64\CommonParameters.ini]     Solution:
Info    2023-06-22 09:19:02:0779  DevID:MV-CS032-10GM(DA0299812)  Source-Line:MvCameraControl.dll(CInterfaceManager.cpp-L7511)  ProcessName:python.exe(13756)     Description:[MV_CC_SetImageNodeNum]Set ImageNode Num success! NodeNum[1]     Solution:
Info    2023-06-22 09:19:02:0779  DevID:MV-CS032-10GM(DA0299812)  Source-Line:MvCameraControl.dll(CInterfaceManager.cpp-L8202)  ProcessName:python.exe(13756)     Description:[MV_GIGE_SetGvcpTimeout] Millisec[500], Ret[0x0]     Solution:
Info    2023-06-22 09:19:02:0779  DevID:MV-CS032-10GM(DA0299812)  Source-Line:MvCameraControl.dll(CInterfaceManager.cpp-L13819)  ProcessName:python.exe(13756)     Description:[MV_CC_SetBayerCvtQuality]Set Bayer CvtQuality success! BayerCvtQuality[2]     Solution:
Info    2023-06-22 09:19:02:0781  DevID:MV-CS032-10GM(DA0299812)  Source-Line:MvCameraControl.dll(CInterfaceManager.cpp-L6776)  ProcessName:python.exe(13756)     Description:[MV_CC_InvalidateNodes]Invalidate Nodes success     Solution:
Info    2023-06-22 09:19:02:0782  DevID:MV-CS032-10GM(DA0299812)  Source-Line:MvCameraControl.dll(CInterfaceManager.cpp-L2817)  ProcessName:python.exe(13756)     Description:[MV_CC_OpenDevice]Open device success! PrivilegeMode[1], SwitchoverKey[0], DeviceUptime[83]     Solution:
Info    2023-06-22 09:19:02:0782  DevID:MV-CS032-10GM(DA0299812)  Source-Line:MvCameraControl.dll(CInterfaceManager.cpp-L2825)  ProcessName:python.exe(13756)     Description:OpenDevice, cost time 358.649900ms      Solution:
Info    2023-06-22 09:19:02:0799  DevID:MV-CS032-10GM(DA0299812)  Source-Line:MvCameraControl.dll(CInterfaceManager.cpp-L7033)  ProcessName:python.exe(13756)     Description:[MV_CC_GetOptimalPacketSize]Get Optimal Packet Size success! OptimalPacketSize[8164]     Solution:
Info    2023-06-22 09:19:02:0843  DevID:MV-CS032-10GM(DA0299812)  Source-Line:MvCameraControl.dll(CInterfaceManager.cpp-L13684)  ProcessName:python.exe(13756)     Description:[MV_CC_StartRecord]Start Record success!     Solution:
Info    2023-06-22 09:19:02:0851  DevID:MV-CS032-10GM(DA0299812)  Source-Line:MvCameraControl.dll(CInterfaceManager.cpp-L3565)  ProcessName:python.exe(13756)     Description:[GEV]Width[2048], Height[1536], PixelFormat[0x1080001], PayloadSize[3145728], ChunkCount[0], CompressMode[0], DeviceUptime[83]     Solution:
Info    2023-06-22 09:19:02:0896  DevID:MV-CS032-10GM(DA0299812)  Source-Line:MvCameraControl.dll(CInterfaceManager.cpp-L3763)  ProcessName:python.exe(13756)     Description:Start grabbing success, There is no registration callback.     Solution:
Info    2023-06-22 09:20:07:0565  DevID:MV-CS032-10GM(DA0299812)  Source-Line:MvCameraControl.dll(CInterfaceManager.cpp-L1495)  ProcessName:python.exe(7528)     Description:[GEV Info]DeviceIP[169.254.175.254], NetIP[169.254.175.151], ManufacturerInfo[Hikrobot], DeviceVersion[V4.0.18 221230 950224], UserID[]     Solution:
Info    2023-06-22 09:20:07:0565  DevID:MV-CS032-10GM(DA0299812)  Source-Line:MvCameraControl.dll(CInterfaceManager.cpp-L1623)  ProcessName:python.exe(7528)     Description:CameraControl Dll, Path[C:\Program Files (x86)\Common Files\MVS\Runtime\Win64_x64\MvCameraControl.dll]     Solution:
Info    2023-06-22 09:20:07:0565  DevID:MV-CS032-10GM(DA0299812)  Source-Line:MvCameraControl.dll(CInterfaceManager.cpp-L1626)  ProcessName:python.exe(7528)     Description:[MV_CC_CreateHandle]IsWriteLog[1], Ret[0x0]     Solution:
Info    2023-06-22 09:20:07:0565  DevID:MV-CS032-10GM(DA0299812)  Source-Line:MvCameraControl.dll(CInterfaceManager.cpp-L9719)  ProcessName:python.exe(7528)     Description:CamCtrl[0x4000005], GigE SDKVersion[0x4000004], DriverVersion[0x4000005]     Solution:
Info    2023-06-22 09:20:07:0833  DevID:MV-CS032-10GM(DA0299812)  Source-Line:MvCameraControl.dll(CInterfaceManager.cpp-L4791)  ProcessName:python.exe(7528)     Description:[GetGenICamXML]Get XML success!     Solution:
Info    2023-06-22 09:20:07:0926  DevID:MV-CS032-10GM(DA0299812)  Source-Line:MvCameraControl.dll(CInterfaceManager.cpp-L10071)  ProcessName:python.exe(7528)     Description:Get local parameters config file success! path[C:\Program Files (x86)\Common Files\MVS\Runtime\Win64_x64\CommonParameters.ini]     Solution:
Info    2023-06-22 09:20:07:0926  DevID:MV-CS032-10GM(DA0299812)  Source-Line:MvCameraControl.dll(CInterfaceManager.cpp-L7511)  ProcessName:python.exe(7528)     Description:[MV_CC_SetImageNodeNum]Set ImageNode Num success! NodeNum[1]     Solution:
Info    2023-06-22 09:20:07:0926  DevID:MV-CS032-10GM(DA0299812)  Source-Line:MvCameraControl.dll(CInterfaceManager.cpp-L8202)  ProcessName:python.exe(7528)     Description:[MV_GIGE_SetGvcpTimeout] Millisec[500], Ret[0x0]     Solution:
Info    2023-06-22 09:20:07:0926  DevID:MV-CS032-10GM(DA0299812)  Source-Line:MvCameraControl.dll(CInterfaceManager.cpp-L13819)  ProcessName:python.exe(7528)     Description:[MV_CC_SetBayerCvtQuality]Set Bayer CvtQuality success! BayerCvtQuality[2]     Solution:
Info    2023-06-22 09:20:07:0928  DevID:MV-CS032-10GM(DA0299812)  Source-Line:MvCameraControl.dll(CInterfaceManager.cpp-L6776)  ProcessName:python.exe(7528)     Description:[MV_CC_InvalidateNodes]Invalidate Nodes success     Solution:
Info    2023-06-22 09:20:07:0929  DevID:MV-CS032-10GM(DA0299812)  Source-Line:MvCameraControl.dll(CInterfaceManager.cpp-L2817)  ProcessName:python.exe(7528)     Description:[MV_CC_OpenDevice]Open device success! PrivilegeMode[1], SwitchoverKey[0], DeviceUptime[148]     Solution:
Info    2023-06-22 09:20:07:0929  DevID:MV-CS032-10GM(DA0299812)  Source-Line:MvCameraControl.dll(CInterfaceManager.cpp-L2825)  ProcessName:python.exe(7528)     Description:OpenDevice, cost time 365.532600ms      Solution:
Info    2023-06-22 09:20:07:0947  DevID:MV-CS032-10GM(DA0299812)  Source-Line:MvCameraControl.dll(CInterfaceManager.cpp-L7033)  ProcessName:python.exe(7528)     Description:[MV_CC_GetOptimalPacketSize]Get Optimal Packet Size success! OptimalPacketSize[8164]     Solution:
Info    2023-06-22 09:20:07:0986  DevID:MV-CS032-10GM(DA0299812)  Source-Line:MvCameraControl.dll(CInterfaceManager.cpp-L13684)  ProcessName:python.exe(7528)     Description:[MV_CC_StartRecord]Start Record success!     Solution:
Info    2023-06-22 09:20:07:0995  DevID:MV-CS032-10GM(DA0299812)  Source-Line:MvCameraControl.dll(CInterfaceManager.cpp-L3565)  ProcessName:python.exe(7528)     Description:[GEV]Width[2048], Height[1536], PixelFormat[0x1080001], PayloadSize[3145728], ChunkCount[0], CompressMode[0], DeviceUptime[148]     Solution:
Info    2023-06-22 09:20:08:0022  DevID:MV-CS032-10GM(DA0299812)  Source-Line:MvCameraControl.dll(CInterfaceManager.cpp-L3763)  ProcessName:python.exe(7528)     Description:Start grabbing success, There is no registration callback.     Solution:
